\BOOKMARK [0][-]{chapter*.3}{Aknowledgements}{}% 1
\BOOKMARK [0][-]{chapter*.4}{Abstract}{}% 2
\BOOKMARK [0][-]{chapter.1}{Introduction}{}% 3
\BOOKMARK [1][-]{section.1.1}{Overview}{chapter.1}% 4
\BOOKMARK [1][-]{section.1.2}{Mobile Manipulators}{chapter.1}% 5
\BOOKMARK [1][-]{section.1.3}{objective of the thesis}{chapter.1}% 6
\BOOKMARK [1][-]{section.1.4}{Achieved results}{chapter.1}% 7
\BOOKMARK [1][-]{section.1.5}{Structure of the thesis}{chapter.1}% 8
\BOOKMARK [0][-]{chapter.2}{Model of the Mobile Manipulator}{}% 9
\BOOKMARK [1][-]{section.2.1}{Holonomic and Nonholonomic constraints}{chapter.2}% 10
\BOOKMARK [1][-]{section.2.2}{Mobile Robot Model}{chapter.2}% 11
\BOOKMARK [2][-]{subsection.2.2.1}{Kinematics}{section.2.2}% 12
\BOOKMARK [2][-]{subsection.2.2.2}{Dynamics}{section.2.2}% 13
\BOOKMARK [1][-]{section.2.3}{Manipulator Model}{chapter.2}% 14
\BOOKMARK [2][-]{subsection.2.3.1}{Kinematics}{section.2.3}% 15
\BOOKMARK [2][-]{subsection.2.3.2}{Dynamics}{section.2.3}% 16
\BOOKMARK [1][-]{section.2.4}{Mobile Manipulator Model}{chapter.2}% 17
\BOOKMARK [2][-]{subsection.2.4.1}{Kinematics}{section.2.4}% 18
\BOOKMARK [2][-]{subsection.2.4.2}{Dynamics}{section.2.4}% 19
\BOOKMARK [2][-]{subsection.2.4.3}{Mixed Kinematics and Dynamics Model}{section.2.4}% 20
\BOOKMARK [0][-]{chapter.3}{Control Theory}{}% 21
\BOOKMARK [1][-]{section.3.1}{PID Control}{chapter.3}% 22
\BOOKMARK [1][-]{section.3.2}{Inverse Dynamics Control}{chapter.3}% 23
\BOOKMARK [1][-]{section.3.3}{Adaptive Control}{chapter.3}% 24
\BOOKMARK [1][-]{section.3.4}{Optimal Control}{chapter.3}% 25
\BOOKMARK [1][-]{section.3.5}{Model Predictive Control}{chapter.3}% 26
\BOOKMARK [2][-]{subsection.3.5.1}{Basic Concepts}{section.3.5}% 27
\BOOKMARK [2][-]{subsection.3.5.2}{Constraints}{section.3.5}% 28
\BOOKMARK [2][-]{subsection.3.5.3}{Stability and Feasibility}{section.3.5}% 29
\BOOKMARK [2][-]{subsection.3.5.4}{NMPC}{section.3.5}% 30
\BOOKMARK [0][-]{chapter.4}{Mobile Manipulators Control Problem}{}% 31
\BOOKMARK [1][-]{section.4.1}{Control of Mobile Robots}{chapter.4}% 32
\BOOKMARK [2][-]{subsection.4.1.1}{Regulation}{section.4.1}% 33
\BOOKMARK [2][-]{subsection.4.1.2}{Trajectory Tracking}{section.4.1}% 34
\BOOKMARK [1][-]{section.4.2}{Control of Mobile Manipulators}{chapter.4}% 35
\BOOKMARK [2][-]{subsection.4.2.1}{Obstacle Avoidance for Mobile Manipulators}{section.4.2}% 36
\BOOKMARK [2][-]{subsection.4.2.2}{Grasping}{section.4.2}% 37
\BOOKMARK [0][-]{chapter.5}{Controller}{}% 38
\BOOKMARK [1][-]{section.5.1}{Introduction and Aim of the controller}{chapter.5}% 39
\BOOKMARK [1][-]{section.5.2}{Problem Definition}{chapter.5}% 40
\BOOKMARK [1][-]{section.5.3}{Parameterisation}{chapter.5}% 41
\BOOKMARK [1][-]{section.5.4}{Terminal constraints-free approach}{chapter.5}% 42
\BOOKMARK [2][-]{subsection.5.4.1}{Stability Proof}{section.5.4}% 43
\BOOKMARK [0][-]{chapter.6}{Experiments Setup}{}% 44
\BOOKMARK [1][-]{section.6.1}{Super-Mega-Bot Mobile Base}{chapter.6}% 45
\BOOKMARK [1][-]{section.6.2}{UR5 Manipulator}{chapter.6}% 46
\BOOKMARK [1][-]{section.6.3}{ADDAMS}{chapter.6}% 47
\BOOKMARK [2][-]{subsection.6.3.1}{Mission}{section.6.3}% 48
\BOOKMARK [2][-]{subsection.6.3.2}{Sensors}{section.6.3}% 49
\BOOKMARK [1][-]{section.6.4}{MPC}{chapter.6}% 50
\BOOKMARK [2][-]{subsection.6.4.1}{Kinematic model based}{section.6.4}% 51
\BOOKMARK [2][-]{subsection.6.4.2}{Dynamic model based}{section.6.4}% 52
\BOOKMARK [0][-]{chapter.7}{Results}{}% 53
\BOOKMARK [0][-]{chapter.8}{Conclusions}{}% 54
\BOOKMARK [0][-]{chapter.8}{List of Figures}{}% 55
\BOOKMARK [0][-]{chapter*.31}{List of Tables}{}% 56
\BOOKMARK [0][-]{section*.33}{References}{}% 57
