This is pdfTeX, Version 3.14159265-2.6-1.40.16 (TeX Live 2015/Debian) (preloaded format=pdflatex 2019.1.14)  21 MAR 2019 16:14
entering extended mode
 restricted \write18 enabled.
 %&-line parsing enabled.
**Thesis_main.tex
(./Thesis_main.tex
LaTeX2e <2016/02/01>
Babel <3.9q> and hyphenation patterns for 81 language(s) loaded.
(/usr/share/texlive/texmf-dist/tex/latex/base/report.cls
Document Class: report 2014/09/29 v1.4h Standard LaTeX document class
(/usr/share/texlive/texmf-dist/tex/latex/base/size12.clo
File: size12.clo 2014/09/29 v1.4h Standard LaTeX file (size option)
)
\c@part=\count79
\c@chapter=\count80
\c@section=\count81
\c@subsection=\count82
\c@subsubsection=\count83
\c@paragraph=\count84
\c@subparagraph=\count85
\c@figure=\count86
\c@table=\count87
\abovecaptionskip=\skip41
\belowcaptionskip=\skip42
\bibindent=\dimen102
)
(/usr/share/texlive/texmf-dist/tex/latex/graphics/graphicx.sty
Package: graphicx 2014/10/28 v1.0g Enhanced LaTeX Graphics (DPC,SPQR)

(/usr/share/texlive/texmf-dist/tex/latex/graphics/keyval.sty
Package: keyval 2014/10/28 v1.15 key=value parser (DPC)
\KV@toks@=\toks14
)
(/usr/share/texlive/texmf-dist/tex/latex/graphics/graphics.sty
Package: graphics 2016/01/03 v1.0q Standard LaTeX Graphics (DPC,SPQR)

(/usr/share/texlive/texmf-dist/tex/latex/graphics/trig.sty
Package: trig 2016/01/03 v1.10 sin cos tan (DPC)
)
(/usr/share/texlive/texmf-dist/tex/latex/latexconfig/graphics.cfg
File: graphics.cfg 2010/04/23 v1.9 graphics configuration of TeX Live
)
Package graphics Info: Driver file: pdftex.def on input line 95.

(/usr/share/texlive/texmf-dist/tex/latex/pdftex-def/pdftex.def
File: pdftex.def 2011/05/27 v0.06d Graphics/color for pdfTeX

(/usr/share/texlive/texmf-dist/tex/generic/oberdiek/infwarerr.sty
Package: infwarerr 2010/04/08 v1.3 Providing info/warning/error messages (HO)
)
(/usr/share/texlive/texmf-dist/tex/generic/oberdiek/ltxcmds.sty
Package: ltxcmds 2011/11/09 v1.22 LaTeX kernel commands for general use (HO)
)
\Gread@gobject=\count88
))
\Gin@req@height=\dimen103
\Gin@req@width=\dimen104
)
(/usr/share/texlive/texmf-dist/tex/latex/tools/tabularx.sty
Package: tabularx 2014/10/28 v2.10 `tabularx' package (DPC)

(/usr/share/texlive/texmf-dist/tex/latex/tools/array.sty
Package: array 2014/10/28 v2.4c Tabular extension package (FMi)
\col@sep=\dimen105
\extrarowheight=\dimen106
\NC@list=\toks15
\extratabsurround=\skip43
\backup@length=\skip44
)
\TX@col@width=\dimen107
\TX@old@table=\dimen108
\TX@old@col=\dimen109
\TX@target=\dimen110
\TX@delta=\dimen111
\TX@cols=\count89
\TX@ftn=\toks16
)
(/usr/share/texlive/texmf-dist/tex/latex/amsmath/amsmath.sty
Package: amsmath 2016/03/03 v2.15a AMS math features
\@mathmargin=\skip45

For additional information on amsmath, use the `?' option.
(/usr/share/texlive/texmf-dist/tex/latex/amsmath/amstext.sty
Package: amstext 2000/06/29 v2.01 AMS text

(/usr/share/texlive/texmf-dist/tex/latex/amsmath/amsgen.sty
File: amsgen.sty 1999/11/30 v2.0 generic functions
\@emptytoks=\toks17
\ex@=\dimen112
))
(/usr/share/texlive/texmf-dist/tex/latex/amsmath/amsbsy.sty
Package: amsbsy 1999/11/29 v1.2d Bold Symbols
\pmbraise@=\dimen113
)
(/usr/share/texlive/texmf-dist/tex/latex/amsmath/amsopn.sty
Package: amsopn 1999/12/14 v2.01 operator names
)
\inf@bad=\count90
LaTeX Info: Redefining \frac on input line 199.
\uproot@=\count91
\leftroot@=\count92
LaTeX Info: Redefining \overline on input line 297.
\classnum@=\count93
\DOTSCASE@=\count94
LaTeX Info: Redefining \ldots on input line 394.
LaTeX Info: Redefining \dots on input line 397.
LaTeX Info: Redefining \cdots on input line 518.
\Mathstrutbox@=\box26
\strutbox@=\box27
\big@size=\dimen114
LaTeX Font Info:    Redeclaring font encoding OML on input line 630.
LaTeX Font Info:    Redeclaring font encoding OMS on input line 631.
\macc@depth=\count95
\c@MaxMatrixCols=\count96
\dotsspace@=\muskip10
\c@parentequation=\count97
\dspbrk@lvl=\count98
\tag@help=\toks18
\row@=\count99
\column@=\count100
\maxfields@=\count101
\andhelp@=\toks19
\eqnshift@=\dimen115
\alignsep@=\dimen116
\tagshift@=\dimen117
\tagwidth@=\dimen118
\totwidth@=\dimen119
\lineht@=\dimen120
\@envbody=\toks20
\multlinegap=\skip46
\multlinetaggap=\skip47
\mathdisplay@stack=\toks21
LaTeX Info: Redefining \[ on input line 2735.
LaTeX Info: Redefining \] on input line 2736.
)
(/usr/share/texlive/texmf-dist/tex/latex/amscls/amsthm.sty
Package: amsthm 2015/03/04 v2.20.2
\thm@style=\toks22
\thm@bodyfont=\toks23
\thm@headfont=\toks24
\thm@notefont=\toks25
\thm@headpunct=\toks26
\thm@preskip=\skip48
\thm@postskip=\skip49
\thm@headsep=\skip50
\dth@everypar=\toks27
)
(/usr/share/texlive/texmf-dist/tex/latex/float/float.sty
Package: float 2001/11/08 v1.3d Float enhancements (AL)
\c@float@type=\count102
\float@exts=\toks28
\float@box=\box28
\@float@everytoks=\toks29
\@floatcapt=\box29
)
(/usr/share/texlive/texmf-dist/tex/latex/multirow/multirow.sty
\bigstrutjot=\dimen121
)
(/usr/share/texlive/texmf-dist/tex/latex/subfigure/subfigure.sty
Package: subfigure 2002/03/15 v2.1.5 subfigure package
\subfigtopskip=\skip51
\subfigcapskip=\skip52
\subfigcaptopadj=\dimen122
\subfigbottomskip=\skip53
\subfigcapmargin=\dimen123
\subfiglabelskip=\skip54
\c@subfigure=\count103
\c@lofdepth=\count104
\c@subtable=\count105
\c@lotdepth=\count106

****************************************
* Local config file subfigure.cfg used *
****************************************
(/usr/share/texlive/texmf-dist/tex/latex/subfigure/subfigure.cfg)
\subfig@top=\skip55
\subfig@bottom=\skip56
)
(/usr/share/texlive/texmf-dist/tex/latex/tools/afterpage.sty
Package: afterpage 2014/10/28 v1.08 After-Page Package (DPC)
\AP@output=\toks30
\AP@partial=\box30
\AP@footins=\box31
)
(/usr/share/texlive/texmf-dist/tex/latex/amsfonts/amssymb.sty
Package: amssymb 2013/01/14 v3.01 AMS font symbols

(/usr/share/texlive/texmf-dist/tex/latex/amsfonts/amsfonts.sty
Package: amsfonts 2013/01/14 v3.01 Basic AMSFonts support
\symAMSa=\mathgroup4
\symAMSb=\mathgroup5
LaTeX Font Info:    Overwriting math alphabet `\mathfrak' in version `bold'
(Font)                  U/euf/m/n --> U/euf/b/n on input line 106.
))
(/usr/share/texlive/texmf-dist/tex/latex/rotating/rotating.sty
Package: rotating 2009/03/28 v2.16a rotated objects in LaTeX

(/usr/share/texlive/texmf-dist/tex/latex/base/ifthen.sty
Package: ifthen 2014/09/29 v1.1c Standard LaTeX ifthen package (DPC)
)
\c@r@tfl@t=\count107
\rotFPtop=\skip57
\rotFPbot=\skip58
\rot@float@box=\box32
\rot@mess@toks=\toks31
)
(/usr/share/texlive/texmf-dist/tex/latex/fancyhdr/fancyhdr.sty
\fancy@headwidth=\skip59
\f@ncyO@elh=\skip60
\f@ncyO@erh=\skip61
\f@ncyO@olh=\skip62
\f@ncyO@orh=\skip63
\f@ncyO@elf=\skip64
\f@ncyO@erf=\skip65
\f@ncyO@olf=\skip66
\f@ncyO@orf=\skip67
)
(/usr/share/texlive/texmf-dist/tex/latex/caption/caption.sty
Package: caption 2016/02/21 v3.3-144 Customizing captions (AR)

(/usr/share/texlive/texmf-dist/tex/latex/caption/caption3.sty
Package: caption3 2016/02/04 v1.7-139 caption3 kernel (AR)
Package caption3 Info: TeX engine: e-TeX on input line 67.
\captionmargin=\dimen124
\captionmargin@=\dimen125
\captionwidth=\dimen126
\caption@tempdima=\dimen127
\caption@indent=\dimen128
\caption@parindent=\dimen129
\caption@hangindent=\dimen130
)
\c@ContinuedFloat=\count108
Package caption Info: float package is loaded.
Package caption Info: rotating package is loaded.
Package caption Info: subfigure package is loaded.
)
(/usr/share/texlive/texmf-dist/tex/latex/tools/multicol.sty
Package: multicol 2015/08/19 v1.8n multicolumn formatting (FMi)
\c@tracingmulticols=\count109
\mult@box=\box33
\multicol@leftmargin=\dimen131
\c@unbalance=\count110
\c@collectmore=\count111
\doublecol@number=\count112
\multicoltolerance=\count113
\multicolpretolerance=\count114
\full@width=\dimen132
\page@free=\dimen133
\premulticols=\dimen134
\postmulticols=\dimen135
\multicolsep=\skip68
\multicolbaselineskip=\skip69
\partial@page=\box34
\last@line=\box35
\maxbalancingoverflow=\dimen136
\mult@rightbox=\box36
\mult@grightbox=\box37
\mult@gfirstbox=\box38
\mult@firstbox=\box39
\@tempa=\box40
\@tempa=\box41
\@tempa=\box42
\@tempa=\box43
\@tempa=\box44
\@tempa=\box45
\@tempa=\box46
\@tempa=\box47
\@tempa=\box48
\@tempa=\box49
\@tempa=\box50
\@tempa=\box51
\@tempa=\box52
\@tempa=\box53
\@tempa=\box54
\@tempa=\box55
\@tempa=\box56
\c@columnbadness=\count115
\c@finalcolumnbadness=\count116
\last@try=\dimen137
\multicolovershoot=\dimen138
\multicolundershoot=\dimen139
\mult@nat@firstbox=\box57
\colbreak@box=\box58
\mc@col@check@num=\count117
)
(/usr/share/texlive/texmf-dist/tex/latex/hyperref/hyperref.sty
Package: hyperref 2012/11/06 v6.83m Hypertext links for LaTeX

(/usr/share/texlive/texmf-dist/tex/generic/oberdiek/hobsub-hyperref.sty
Package: hobsub-hyperref 2012/05/28 v1.13 Bundle oberdiek, subset hyperref (HO)


(/usr/share/texlive/texmf-dist/tex/generic/oberdiek/hobsub-generic.sty
Package: hobsub-generic 2012/05/28 v1.13 Bundle oberdiek, subset generic (HO)
Package: hobsub 2012/05/28 v1.13 Construct package bundles (HO)
Package hobsub Info: Skipping package `infwarerr' (already loaded).
Package hobsub Info: Skipping package `ltxcmds' (already loaded).
Package: ifluatex 2010/03/01 v1.3 Provides the ifluatex switch (HO)
Package ifluatex Info: LuaTeX not detected.
Package: ifvtex 2010/03/01 v1.5 Detect VTeX and its facilities (HO)
Package ifvtex Info: VTeX not detected.
Package: intcalc 2007/09/27 v1.1 Expandable calculations with integers (HO)
Package: ifpdf 2011/01/30 v2.3 Provides the ifpdf switch (HO)
Package ifpdf Info: pdfTeX in PDF mode is detected.
Package: etexcmds 2011/02/16 v1.5 Avoid name clashes with e-TeX commands (HO)
Package etexcmds Info: Could not find \expanded.
(etexcmds)             That can mean that you are not using pdfTeX 1.50 or
(etexcmds)             that some package has redefined \expanded.
(etexcmds)             In the latter case, load this package earlier.
Package: kvsetkeys 2012/04/25 v1.16 Key value parser (HO)
Package: kvdefinekeys 2011/04/07 v1.3 Define keys (HO)
Package: pdftexcmds 2011/11/29 v0.20 Utility functions of pdfTeX for LuaTeX (HO
)
Package pdftexcmds Info: LuaTeX not detected.
Package pdftexcmds Info: \pdf@primitive is available.
Package pdftexcmds Info: \pdf@ifprimitive is available.
Package pdftexcmds Info: \pdfdraftmode found.
Package: pdfescape 2011/11/25 v1.13 Implements pdfTeX's escape features (HO)
Package: bigintcalc 2012/04/08 v1.3 Expandable calculations on big integers (HO
)
Package: bitset 2011/01/30 v1.1 Handle bit-vector datatype (HO)
Package: uniquecounter 2011/01/30 v1.2 Provide unlimited unique counter (HO)
)
Package hobsub Info: Skipping package `hobsub' (already loaded).
Package: letltxmacro 2010/09/02 v1.4 Let assignment for LaTeX macros (HO)
Package: hopatch 2012/05/28 v1.2 Wrapper for package hooks (HO)
Package: xcolor-patch 2011/01/30 xcolor patch
Package: atveryend 2011/06/30 v1.8 Hooks at the very end of document (HO)
Package atveryend Info: \AP@enddocument detected (standard20110627).
Package: atbegshi 2011/10/05 v1.16 At begin shipout hook (HO)
Package: refcount 2011/10/16 v3.4 Data extraction from label references (HO)
Package: hycolor 2011/01/30 v1.7 Color options for hyperref/bookmark (HO)
)
(/usr/share/texlive/texmf-dist/tex/generic/ifxetex/ifxetex.sty
Package: ifxetex 2010/09/12 v0.6 Provides ifxetex conditional
)
(/usr/share/texlive/texmf-dist/tex/latex/oberdiek/auxhook.sty
Package: auxhook 2011/03/04 v1.3 Hooks for auxiliary files (HO)
)
(/usr/share/texlive/texmf-dist/tex/latex/oberdiek/kvoptions.sty
Package: kvoptions 2011/06/30 v3.11 Key value format for package options (HO)
)
\@linkdim=\dimen140
\Hy@linkcounter=\count118
\Hy@pagecounter=\count119

(/usr/share/texlive/texmf-dist/tex/latex/hyperref/pd1enc.def
File: pd1enc.def 2012/11/06 v6.83m Hyperref: PDFDocEncoding definition (HO)
)
\Hy@SavedSpaceFactor=\count120

(/usr/share/texlive/texmf-dist/tex/latex/latexconfig/hyperref.cfg
File: hyperref.cfg 2002/06/06 v1.2 hyperref configuration of TeXLive
)
Package hyperref Info: Hyper figures OFF on input line 4443.
Package hyperref Info: Link nesting OFF on input line 4448.
Package hyperref Info: Hyper index ON on input line 4451.
Package hyperref Info: Plain pages OFF on input line 4458.
Package hyperref Info: Backreferencing OFF on input line 4463.
Package hyperref Info: Implicit mode ON; LaTeX internals redefined.
Package hyperref Info: Bookmarks ON on input line 4688.
\c@Hy@tempcnt=\count121

(/usr/share/texlive/texmf-dist/tex/latex/url/url.sty
\Urlmuskip=\muskip11
Package: url 2013/09/16  ver 3.4  Verb mode for urls, etc.
)
LaTeX Info: Redefining \url on input line 5041.
\XeTeXLinkMargin=\dimen141
\Fld@menulength=\count122
\Field@Width=\dimen142
\Fld@charsize=\dimen143
Package hyperref Info: Hyper figures OFF on input line 6295.
Package hyperref Info: Link nesting OFF on input line 6300.
Package hyperref Info: Hyper index ON on input line 6303.
Package hyperref Info: backreferencing OFF on input line 6310.
Package hyperref Info: Link coloring OFF on input line 6315.
Package hyperref Info: Link coloring with OCG OFF on input line 6320.
Package hyperref Info: PDF/A mode OFF on input line 6325.
LaTeX Info: Redefining \ref on input line 6365.
LaTeX Info: Redefining \pageref on input line 6369.
\Hy@abspage=\count123
\c@Item=\count124
\c@Hfootnote=\count125
)

Package hyperref Message: Driver (autodetected): hpdftex.

(/usr/share/texlive/texmf-dist/tex/latex/hyperref/hpdftex.def
File: hpdftex.def 2012/11/06 v6.83m Hyperref driver for pdfTeX
\Fld@listcount=\count126
\c@bookmark@seq@number=\count127

(/usr/share/texlive/texmf-dist/tex/latex/oberdiek/rerunfilecheck.sty
Package: rerunfilecheck 2011/04/15 v1.7 Rerun checks for auxiliary files (HO)
Package uniquecounter Info: New unique counter `rerunfilecheck' on input line 2
82.
)
\Hy@SectionHShift=\skip70
)
(/usr/share/texlive/texmf-dist/tex/latex/filecontents/filecontents.sty
Package: filecontents 2011/10/08 v1.3 Create an external file from within a LaT
eX document
)
(/usr/share/texlive/texmf-dist/tex/latex/listings/listings.sty
\lst@mode=\count128
\lst@gtempboxa=\box59
\lst@token=\toks32
\lst@length=\count129
\lst@currlwidth=\dimen144
\lst@column=\count130
\lst@pos=\count131
\lst@lostspace=\dimen145
\lst@width=\dimen146
\lst@newlines=\count132
\lst@lineno=\count133
\lst@maxwidth=\dimen147

(/usr/share/texlive/texmf-dist/tex/latex/listings/lstmisc.sty
File: lstmisc.sty 2015/06/04 1.6 (Carsten Heinz)
\c@lstnumber=\count134
\lst@skipnumbers=\count135
\lst@framebox=\box60
)
(/usr/share/texlive/texmf-dist/tex/latex/listings/listings.cfg
File: listings.cfg 2015/06/04 1.6 listings configuration
))
Package: listings 2015/06/04 1.6 (Carsten Heinz)

(/usr/share/texlive/texmf-dist/tex/latex/nomencl/nomencl.sty
Package: nomencl 2005/09/22 v4.2 Nomenclature package (LN)
\nomlabelwidth=\dimen148
\nom@tempdim=\dimen149
\nomitemsep=\skip71
)
(/usr/share/texlive/texmf-dist/tex/latex/base/textcomp.sty
Package: textcomp 2005/09/27 v1.99g Standard LaTeX package
Package textcomp Info: Sub-encoding information:
(textcomp)               5 = only ISO-Adobe without \textcurrency
(textcomp)               4 = 5 + \texteuro
(textcomp)               3 = 4 + \textohm
(textcomp)               2 = 3 + \textestimated + \textcurrency
(textcomp)               1 = TS1 - \textcircled - \t
(textcomp)               0 = TS1 (full)
(textcomp)             Font families with sub-encoding setting implement
(textcomp)             only a restricted character set as indicated.
(textcomp)             Family '?' is the default used for unknown fonts.
(textcomp)             See the documentation for details.
Package textcomp Info: Setting ? sub-encoding to TS1/1 on input line 79.

(/usr/share/texlive/texmf-dist/tex/latex/base/ts1enc.def
File: ts1enc.def 2001/06/05 v3.0e (jk/car/fm) Standard LaTeX file
)
LaTeX Info: Redefining \oldstylenums on input line 334.
Package textcomp Info: Setting cmr sub-encoding to TS1/0 on input line 349.
Package textcomp Info: Setting cmss sub-encoding to TS1/0 on input line 350.
Package textcomp Info: Setting cmtt sub-encoding to TS1/0 on input line 351.
Package textcomp Info: Setting cmvtt sub-encoding to TS1/0 on input line 352.
Package textcomp Info: Setting cmbr sub-encoding to TS1/0 on input line 353.
Package textcomp Info: Setting cmtl sub-encoding to TS1/0 on input line 354.
Package textcomp Info: Setting ccr sub-encoding to TS1/0 on input line 355.
Package textcomp Info: Setting ptm sub-encoding to TS1/4 on input line 356.
Package textcomp Info: Setting pcr sub-encoding to TS1/4 on input line 357.
Package textcomp Info: Setting phv sub-encoding to TS1/4 on input line 358.
Package textcomp Info: Setting ppl sub-encoding to TS1/3 on input line 359.
Package textcomp Info: Setting pag sub-encoding to TS1/4 on input line 360.
Package textcomp Info: Setting pbk sub-encoding to TS1/4 on input line 361.
Package textcomp Info: Setting pnc sub-encoding to TS1/4 on input line 362.
Package textcomp Info: Setting pzc sub-encoding to TS1/4 on input line 363.
Package textcomp Info: Setting bch sub-encoding to TS1/4 on input line 364.
Package textcomp Info: Setting put sub-encoding to TS1/5 on input line 365.
Package textcomp Info: Setting uag sub-encoding to TS1/5 on input line 366.
Package textcomp Info: Setting ugq sub-encoding to TS1/5 on input line 367.
Package textcomp Info: Setting ul8 sub-encoding to TS1/4 on input line 368.
Package textcomp Info: Setting ul9 sub-encoding to TS1/4 on input line 369.
Package textcomp Info: Setting augie sub-encoding to TS1/5 on input line 370.
Package textcomp Info: Setting dayrom sub-encoding to TS1/3 on input line 371.
Package textcomp Info: Setting dayroms sub-encoding to TS1/3 on input line 372.

Package textcomp Info: Setting pxr sub-encoding to TS1/0 on input line 373.
Package textcomp Info: Setting pxss sub-encoding to TS1/0 on input line 374.
Package textcomp Info: Setting pxtt sub-encoding to TS1/0 on input line 375.
Package textcomp Info: Setting txr sub-encoding to TS1/0 on input line 376.
Package textcomp Info: Setting txss sub-encoding to TS1/0 on input line 377.
Package textcomp Info: Setting txtt sub-encoding to TS1/0 on input line 378.
Package textcomp Info: Setting lmr sub-encoding to TS1/0 on input line 379.
Package textcomp Info: Setting lmdh sub-encoding to TS1/0 on input line 380.
Package textcomp Info: Setting lmss sub-encoding to TS1/0 on input line 381.
Package textcomp Info: Setting lmssq sub-encoding to TS1/0 on input line 382.
Package textcomp Info: Setting lmvtt sub-encoding to TS1/0 on input line 383.
Package textcomp Info: Setting lmtt sub-encoding to TS1/0 on input line 384.
Package textcomp Info: Setting qhv sub-encoding to TS1/0 on input line 385.
Package textcomp Info: Setting qag sub-encoding to TS1/0 on input line 386.
Package textcomp Info: Setting qbk sub-encoding to TS1/0 on input line 387.
Package textcomp Info: Setting qcr sub-encoding to TS1/0 on input line 388.
Package textcomp Info: Setting qcs sub-encoding to TS1/0 on input line 389.
Package textcomp Info: Setting qpl sub-encoding to TS1/0 on input line 390.
Package textcomp Info: Setting qtm sub-encoding to TS1/0 on input line 391.
Package textcomp Info: Setting qzc sub-encoding to TS1/0 on input line 392.
Package textcomp Info: Setting qhvc sub-encoding to TS1/0 on input line 393.
Package textcomp Info: Setting futs sub-encoding to TS1/4 on input line 394.
Package textcomp Info: Setting futx sub-encoding to TS1/4 on input line 395.
Package textcomp Info: Setting futj sub-encoding to TS1/4 on input line 396.
Package textcomp Info: Setting hlh sub-encoding to TS1/3 on input line 397.
Package textcomp Info: Setting hls sub-encoding to TS1/3 on input line 398.
Package textcomp Info: Setting hlst sub-encoding to TS1/3 on input line 399.
Package textcomp Info: Setting hlct sub-encoding to TS1/5 on input line 400.
Package textcomp Info: Setting hlx sub-encoding to TS1/5 on input line 401.
Package textcomp Info: Setting hlce sub-encoding to TS1/5 on input line 402.
Package textcomp Info: Setting hlcn sub-encoding to TS1/5 on input line 403.
Package textcomp Info: Setting hlcw sub-encoding to TS1/5 on input line 404.
Package textcomp Info: Setting hlcf sub-encoding to TS1/5 on input line 405.
Package textcomp Info: Setting pplx sub-encoding to TS1/3 on input line 406.
Package textcomp Info: Setting pplj sub-encoding to TS1/3 on input line 407.
Package textcomp Info: Setting ptmx sub-encoding to TS1/4 on input line 408.
Package textcomp Info: Setting ptmj sub-encoding to TS1/4 on input line 409.
)
(/usr/share/texlive/texmf-dist/tex/latex/jknapltx/mathrsfs.sty
Package: mathrsfs 1996/01/01 Math RSFS package v1.0 (jk)
\symrsfs=\mathgroup6
)
(/usr/share/texlive/texmf-dist/tex/latex/epigraph/epigraph.sty
Package: epigraph 2009/09/02 v1.5c typesetting epigraphs
\beforeepigraphskip=\skip72
\afterepigraphskip=\skip73
\epigraphwidth=\skip74
\epigraphrule=\skip75
)
(/usr/share/texlive/texmf-dist/tex/latex/cancel/cancel.sty
Package: cancel 2013/04/12 v2.2 Cancel math terms
)
(/usr/share/texlive/texmf-dist/tex/latex/appendix/appendix.sty
Package: appendix 2009/09/02 v1.2b extra appendix facilities
\c@@pps=\count136
\c@@ppsavesec=\count137
\c@@ppsaveapp=\count138
)
(/usr/share/texlive/texmf-dist/tex/latex/floatflt/floatflt.sty
Package: floatflt 1997/07/16 v. 1.31
\c@OptionTest=\count139
\figbox=\box61
\tabbox=\box62
\pagebox=\box63
\ffigcount=\count140
\ftabcount=\count141
\fftest=\count142
\hangcount=\count143
\nosuccesstryfig=\count144
\nosuccesstrytab=\count145
\figgutter=\dimen150
\tabgutter=\dimen151
\htdone=\dimen152
\pageht=\dimen153
\startpageht=\dimen154
\tabbredd=\dimen155
\floatfltwidth=\dimen156
\fltitemwidth=\dimen157
\outputpretest=\toks33
)
(/usr/share/texlive/texmf-dist/tex/latex/xcolor/xcolor.sty
Package: xcolor 2007/01/21 v2.11 LaTeX color extensions (UK)

(/usr/share/texlive/texmf-dist/tex/latex/latexconfig/color.cfg
File: color.cfg 2007/01/18 v1.5 color configuration of teTeX/TeXLive
)
Package xcolor Info: Driver file: pdftex.def on input line 225.
Package xcolor Info: Model `cmy' substituted by `cmy0' on input line 1337.
Package xcolor Info: Model `hsb' substituted by `rgb' on input line 1341.
Package xcolor Info: Model `RGB' extended on input line 1353.
Package xcolor Info: Model `HTML' substituted by `rgb' on input line 1355.
Package xcolor Info: Model `Hsb' substituted by `hsb' on input line 1356.
Package xcolor Info: Model `tHsb' substituted by `hsb' on input line 1357.
Package xcolor Info: Model `HSB' substituted by `hsb' on input line 1358.
Package xcolor Info: Model `Gray' substituted by `gray' on input line 1359.
Package xcolor Info: Model `wave' substituted by `hsb' on input line 1360.
)
\@nomenclaturefile=\write3
\openout3 = `Thesis_main.nlo'.


Writing nomenclature file Thesis_main.nlo
(/usr/share/texlive/texmf-dist/tex/latex/chngcntr/chngcntr.sty
Package: chngcntr 2009/09/02 v1.0a change counter resetting
)
(/usr/share/texlive/texmf-dist/tex/latex/titlesec/titlesec.sty
Package: titlesec 2016/03/15 v2.10.1 Sectioning titles
\ttl@box=\box64
\beforetitleunit=\skip76
\aftertitleunit=\skip77
\ttl@plus=\dimen158
\ttl@minus=\dimen159
\ttl@toksa=\toks34
\titlewidth=\dimen160
\titlewidthlast=\dimen161
\titlewidthfirst=\dimen162
)
(/usr/share/texlive/texmf-dist/tex/latex/setspace/setspace.sty
Package: setspace 2011/12/19 v6.7a set line spacing
)
(/usr/share/texlive/texmf-dist/tex/latex/base/fontenc.sty
Package: fontenc 2005/09/27 v1.99g Standard LaTeX package

(/usr/share/texlive/texmf-dist/tex/latex/base/t1enc.def
File: t1enc.def 2005/09/27 v1.99g Standard LaTeX file
LaTeX Font Info:    Redeclaring font encoding T1 on input line 48.
))
(/usr/share/texlive/texmf-dist/tex/latex/base/inputenc.sty
Package: inputenc 2015/03/17 v1.2c Input encoding file
\inpenc@prehook=\toks35
\inpenc@posthook=\toks36

(/usr/share/texlive/texmf-dist/tex/latex/base/utf8.def
File: utf8.def 2015/12/03 v1.1r UTF-8 support for inputenc
Now handling font encoding OML ...
... no UTF-8 mapping file for font encoding OML
Now handling font encoding T1 ...
... processing UTF-8 mapping file for font encoding T1

(/usr/share/texlive/texmf-dist/tex/latex/base/t1enc.dfu
File: t1enc.dfu 2015/12/03 v1.1r UTF-8 support for inputenc
   defining Unicode char U+00A0 (decimal 160)
   defining Unicode char U+00A1 (decimal 161)
   defining Unicode char U+00A3 (decimal 163)
   defining Unicode char U+00AB (decimal 171)
   defining Unicode char U+00AD (decimal 173)
   defining Unicode char U+00BB (decimal 187)
   defining Unicode char U+00BF (decimal 191)
   defining Unicode char U+00C0 (decimal 192)
   defining Unicode char U+00C1 (decimal 193)
   defining Unicode char U+00C2 (decimal 194)
   defining Unicode char U+00C3 (decimal 195)
   defining Unicode char U+00C4 (decimal 196)
   defining Unicode char U+00C5 (decimal 197)
   defining Unicode char U+00C6 (decimal 198)
   defining Unicode char U+00C7 (decimal 199)
   defining Unicode char U+00C8 (decimal 200)
   defining Unicode char U+00C9 (decimal 201)
   defining Unicode char U+00CA (decimal 202)
   defining Unicode char U+00CB (decimal 203)
   defining Unicode char U+00CC (decimal 204)
   defining Unicode char U+00CD (decimal 205)
   defining Unicode char U+00CE (decimal 206)
   defining Unicode char U+00CF (decimal 207)
   defining Unicode char U+00D0 (decimal 208)
   defining Unicode char U+00D1 (decimal 209)
   defining Unicode char U+00D2 (decimal 210)
   defining Unicode char U+00D3 (decimal 211)
   defining Unicode char U+00D4 (decimal 212)
   defining Unicode char U+00D5 (decimal 213)
   defining Unicode char U+00D6 (decimal 214)
   defining Unicode char U+00D8 (decimal 216)
   defining Unicode char U+00D9 (decimal 217)
   defining Unicode char U+00DA (decimal 218)
   defining Unicode char U+00DB (decimal 219)
   defining Unicode char U+00DC (decimal 220)
   defining Unicode char U+00DD (decimal 221)
   defining Unicode char U+00DE (decimal 222)
   defining Unicode char U+00DF (decimal 223)
   defining Unicode char U+00E0 (decimal 224)
   defining Unicode char U+00E1 (decimal 225)
   defining Unicode char U+00E2 (decimal 226)
   defining Unicode char U+00E3 (decimal 227)
   defining Unicode char U+00E4 (decimal 228)
   defining Unicode char U+00E5 (decimal 229)
   defining Unicode char U+00E6 (decimal 230)
   defining Unicode char U+00E7 (decimal 231)
   defining Unicode char U+00E8 (decimal 232)
   defining Unicode char U+00E9 (decimal 233)
   defining Unicode char U+00EA (decimal 234)
   defining Unicode char U+00EB (decimal 235)
   defining Unicode char U+00EC (decimal 236)
   defining Unicode char U+00ED (decimal 237)
   defining Unicode char U+00EE (decimal 238)
   defining Unicode char U+00EF (decimal 239)
   defining Unicode char U+00F0 (decimal 240)
   defining Unicode char U+00F1 (decimal 241)
   defining Unicode char U+00F2 (decimal 242)
   defining Unicode char U+00F3 (decimal 243)
   defining Unicode char U+00F4 (decimal 244)
   defining Unicode char U+00F5 (decimal 245)
   defining Unicode char U+00F6 (decimal 246)
   defining Unicode char U+00F8 (decimal 248)
   defining Unicode char U+00F9 (decimal 249)
   defining Unicode char U+00FA (decimal 250)
   defining Unicode char U+00FB (decimal 251)
   defining Unicode char U+00FC (decimal 252)
   defining Unicode char U+00FD (decimal 253)
   defining Unicode char U+00FE (decimal 254)
   defining Unicode char U+00FF (decimal 255)
   defining Unicode char U+0100 (decimal 256)
   defining Unicode char U+0101 (decimal 257)
   defining Unicode char U+0102 (decimal 258)
   defining Unicode char U+0103 (decimal 259)
   defining Unicode char U+0104 (decimal 260)
   defining Unicode char U+0105 (decimal 261)
   defining Unicode char U+0106 (decimal 262)
   defining Unicode char U+0107 (decimal 263)
   defining Unicode char U+0108 (decimal 264)
   defining Unicode char U+0109 (decimal 265)
   defining Unicode char U+010A (decimal 266)
   defining Unicode char U+010B (decimal 267)
   defining Unicode char U+010C (decimal 268)
   defining Unicode char U+010D (decimal 269)
   defining Unicode char U+010E (decimal 270)
   defining Unicode char U+010F (decimal 271)
   defining Unicode char U+0110 (decimal 272)
   defining Unicode char U+0111 (decimal 273)
   defining Unicode char U+0112 (decimal 274)
   defining Unicode char U+0113 (decimal 275)
   defining Unicode char U+0114 (decimal 276)
   defining Unicode char U+0115 (decimal 277)
   defining Unicode char U+0116 (decimal 278)
   defining Unicode char U+0117 (decimal 279)
   defining Unicode char U+0118 (decimal 280)
   defining Unicode char U+0119 (decimal 281)
   defining Unicode char U+011A (decimal 282)
   defining Unicode char U+011B (decimal 283)
   defining Unicode char U+011C (decimal 284)
   defining Unicode char U+011D (decimal 285)
   defining Unicode char U+011E (decimal 286)
   defining Unicode char U+011F (decimal 287)
   defining Unicode char U+0120 (decimal 288)
   defining Unicode char U+0121 (decimal 289)
   defining Unicode char U+0122 (decimal 290)
   defining Unicode char U+0123 (decimal 291)
   defining Unicode char U+0124 (decimal 292)
   defining Unicode char U+0125 (decimal 293)
   defining Unicode char U+0128 (decimal 296)
   defining Unicode char U+0129 (decimal 297)
   defining Unicode char U+012A (decimal 298)
   defining Unicode char U+012B (decimal 299)
   defining Unicode char U+012C (decimal 300)
   defining Unicode char U+012D (decimal 301)
   defining Unicode char U+012E (decimal 302)
   defining Unicode char U+012F (decimal 303)
   defining Unicode char U+0130 (decimal 304)
   defining Unicode char U+0131 (decimal 305)
   defining Unicode char U+0132 (decimal 306)
   defining Unicode char U+0133 (decimal 307)
   defining Unicode char U+0134 (decimal 308)
   defining Unicode char U+0135 (decimal 309)
   defining Unicode char U+0136 (decimal 310)
   defining Unicode char U+0137 (decimal 311)
   defining Unicode char U+0139 (decimal 313)
   defining Unicode char U+013A (decimal 314)
   defining Unicode char U+013B (decimal 315)
   defining Unicode char U+013C (decimal 316)
   defining Unicode char U+013D (decimal 317)
   defining Unicode char U+013E (decimal 318)
   defining Unicode char U+0141 (decimal 321)
   defining Unicode char U+0142 (decimal 322)
   defining Unicode char U+0143 (decimal 323)
   defining Unicode char U+0144 (decimal 324)
   defining Unicode char U+0145 (decimal 325)
   defining Unicode char U+0146 (decimal 326)
   defining Unicode char U+0147 (decimal 327)
   defining Unicode char U+0148 (decimal 328)
   defining Unicode char U+014A (decimal 330)
   defining Unicode char U+014B (decimal 331)
   defining Unicode char U+014C (decimal 332)
   defining Unicode char U+014D (decimal 333)
   defining Unicode char U+014E (decimal 334)
   defining Unicode char U+014F (decimal 335)
   defining Unicode char U+0150 (decimal 336)
   defining Unicode char U+0151 (decimal 337)
   defining Unicode char U+0152 (decimal 338)
   defining Unicode char U+0153 (decimal 339)
   defining Unicode char U+0154 (decimal 340)
   defining Unicode char U+0155 (decimal 341)
   defining Unicode char U+0156 (decimal 342)
   defining Unicode char U+0157 (decimal 343)
   defining Unicode char U+0158 (decimal 344)
   defining Unicode char U+0159 (decimal 345)
   defining Unicode char U+015A (decimal 346)
   defining Unicode char U+015B (decimal 347)
   defining Unicode char U+015C (decimal 348)
   defining Unicode char U+015D (decimal 349)
   defining Unicode char U+015E (decimal 350)
   defining Unicode char U+015F (decimal 351)
   defining Unicode char U+0160 (decimal 352)
   defining Unicode char U+0161 (decimal 353)
   defining Unicode char U+0162 (decimal 354)
   defining Unicode char U+0163 (decimal 355)
   defining Unicode char U+0164 (decimal 356)
   defining Unicode char U+0165 (decimal 357)
   defining Unicode char U+0168 (decimal 360)
   defining Unicode char U+0169 (decimal 361)
   defining Unicode char U+016A (decimal 362)
   defining Unicode char U+016B (decimal 363)
   defining Unicode char U+016C (decimal 364)
   defining Unicode char U+016D (decimal 365)
   defining Unicode char U+016E (decimal 366)
   defining Unicode char U+016F (decimal 367)
   defining Unicode char U+0170 (decimal 368)
   defining Unicode char U+0171 (decimal 369)
   defining Unicode char U+0172 (decimal 370)
   defining Unicode char U+0173 (decimal 371)
   defining Unicode char U+0174 (decimal 372)
   defining Unicode char U+0175 (decimal 373)
   defining Unicode char U+0176 (decimal 374)
   defining Unicode char U+0177 (decimal 375)
   defining Unicode char U+0178 (decimal 376)
   defining Unicode char U+0179 (decimal 377)
   defining Unicode char U+017A (decimal 378)
   defining Unicode char U+017B (decimal 379)
   defining Unicode char U+017C (decimal 380)
   defining Unicode char U+017D (decimal 381)
   defining Unicode char U+017E (decimal 382)
   defining Unicode char U+01CD (decimal 461)
   defining Unicode char U+01CE (decimal 462)
   defining Unicode char U+01CF (decimal 463)
   defining Unicode char U+01D0 (decimal 464)
   defining Unicode char U+01D1 (decimal 465)
   defining Unicode char U+01D2 (decimal 466)
   defining Unicode char U+01D3 (decimal 467)
   defining Unicode char U+01D4 (decimal 468)
   defining Unicode char U+01E2 (decimal 482)
   defining Unicode char U+01E3 (decimal 483)
   defining Unicode char U+01E6 (decimal 486)
   defining Unicode char U+01E7 (decimal 487)
   defining Unicode char U+01E8 (decimal 488)
   defining Unicode char U+01E9 (decimal 489)
   defining Unicode char U+01EA (decimal 490)
   defining Unicode char U+01EB (decimal 491)
   defining Unicode char U+01F0 (decimal 496)
   defining Unicode char U+01F4 (decimal 500)
   defining Unicode char U+01F5 (decimal 501)
   defining Unicode char U+0218 (decimal 536)
   defining Unicode char U+0219 (decimal 537)
   defining Unicode char U+021A (decimal 538)
   defining Unicode char U+021B (decimal 539)
   defining Unicode char U+01E02 (decimal 7682)
   defining Unicode char U+01E03 (decimal 7683)
   defining Unicode char U+200C (decimal 8204)
   defining Unicode char U+2013 (decimal 8211)
   defining Unicode char U+2014 (decimal 8212)
   defining Unicode char U+2018 (decimal 8216)
   defining Unicode char U+2019 (decimal 8217)
   defining Unicode char U+201A (decimal 8218)
   defining Unicode char U+201C (decimal 8220)
   defining Unicode char U+201D (decimal 8221)
   defining Unicode char U+201E (decimal 8222)
   defining Unicode char U+2030 (decimal 8240)
   defining Unicode char U+2031 (decimal 8241)
   defining Unicode char U+2039 (decimal 8249)
   defining Unicode char U+203A (decimal 8250)
   defining Unicode char U+2423 (decimal 9251)
)
Now handling font encoding OT1 ...
... processing UTF-8 mapping file for font encoding OT1

(/usr/share/texlive/texmf-dist/tex/latex/base/ot1enc.dfu
File: ot1enc.dfu 2015/12/03 v1.1r UTF-8 support for inputenc
   defining Unicode char U+00A0 (decimal 160)
   defining Unicode char U+00A1 (decimal 161)
   defining Unicode char U+00A3 (decimal 163)
   defining Unicode char U+00AD (decimal 173)
   defining Unicode char U+00B8 (decimal 184)
   defining Unicode char U+00BF (decimal 191)
   defining Unicode char U+00C5 (decimal 197)
   defining Unicode char U+00C6 (decimal 198)
   defining Unicode char U+00D8 (decimal 216)
   defining Unicode char U+00DF (decimal 223)
   defining Unicode char U+00E6 (decimal 230)
   defining Unicode char U+00EC (decimal 236)
   defining Unicode char U+00ED (decimal 237)
   defining Unicode char U+00EE (decimal 238)
   defining Unicode char U+00EF (decimal 239)
   defining Unicode char U+00F8 (decimal 248)
   defining Unicode char U+0131 (decimal 305)
   defining Unicode char U+0141 (decimal 321)
   defining Unicode char U+0142 (decimal 322)
   defining Unicode char U+0152 (decimal 338)
   defining Unicode char U+0153 (decimal 339)
   defining Unicode char U+0174 (decimal 372)
   defining Unicode char U+0175 (decimal 373)
   defining Unicode char U+0176 (decimal 374)
   defining Unicode char U+0177 (decimal 375)
   defining Unicode char U+0218 (decimal 536)
   defining Unicode char U+0219 (decimal 537)
   defining Unicode char U+021A (decimal 538)
   defining Unicode char U+021B (decimal 539)
   defining Unicode char U+2013 (decimal 8211)
   defining Unicode char U+2014 (decimal 8212)
   defining Unicode char U+2018 (decimal 8216)
   defining Unicode char U+2019 (decimal 8217)
   defining Unicode char U+201C (decimal 8220)
   defining Unicode char U+201D (decimal 8221)
)
Now handling font encoding OMS ...
... processing UTF-8 mapping file for font encoding OMS

(/usr/share/texlive/texmf-dist/tex/latex/base/omsenc.dfu
File: omsenc.dfu 2015/12/03 v1.1r UTF-8 support for inputenc
   defining Unicode char U+00A7 (decimal 167)
   defining Unicode char U+00B6 (decimal 182)
   defining Unicode char U+00B7 (decimal 183)
   defining Unicode char U+2020 (decimal 8224)
   defining Unicode char U+2021 (decimal 8225)
   defining Unicode char U+2022 (decimal 8226)
)
Now handling font encoding OMX ...
... no UTF-8 mapping file for font encoding OMX
Now handling font encoding U ...
... no UTF-8 mapping file for font encoding U
Now handling font encoding PD1 ...
... no UTF-8 mapping file for font encoding PD1
Now handling font encoding TS1 ...
... processing UTF-8 mapping file for font encoding TS1

(/usr/share/texlive/texmf-dist/tex/latex/base/ts1enc.dfu
File: ts1enc.dfu 2015/12/03 v1.1r UTF-8 support for inputenc
   defining Unicode char U+00A2 (decimal 162)
   defining Unicode char U+00A3 (decimal 163)
   defining Unicode char U+00A4 (decimal 164)
   defining Unicode char U+00A5 (decimal 165)
   defining Unicode char U+00A6 (decimal 166)
   defining Unicode char U+00A7 (decimal 167)
   defining Unicode char U+00A8 (decimal 168)
   defining Unicode char U+00A9 (decimal 169)
   defining Unicode char U+00AA (decimal 170)
   defining Unicode char U+00AC (decimal 172)
   defining Unicode char U+00AE (decimal 174)
   defining Unicode char U+00AF (decimal 175)
   defining Unicode char U+00B0 (decimal 176)
   defining Unicode char U+00B1 (decimal 177)
   defining Unicode char U+00B2 (decimal 178)
   defining Unicode char U+00B3 (decimal 179)
   defining Unicode char U+00B4 (decimal 180)
   defining Unicode char U+00B5 (decimal 181)
   defining Unicode char U+00B6 (decimal 182)
   defining Unicode char U+00B7 (decimal 183)
   defining Unicode char U+00B9 (decimal 185)
   defining Unicode char U+00BA (decimal 186)
   defining Unicode char U+00BC (decimal 188)
   defining Unicode char U+00BD (decimal 189)
   defining Unicode char U+00BE (decimal 190)
   defining Unicode char U+00D7 (decimal 215)
   defining Unicode char U+00F7 (decimal 247)
   defining Unicode char U+0192 (decimal 402)
   defining Unicode char U+02C7 (decimal 711)
   defining Unicode char U+02D8 (decimal 728)
   defining Unicode char U+02DD (decimal 733)
   defining Unicode char U+0E3F (decimal 3647)
   defining Unicode char U+2016 (decimal 8214)
   defining Unicode char U+2020 (decimal 8224)
   defining Unicode char U+2021 (decimal 8225)
   defining Unicode char U+2022 (decimal 8226)
   defining Unicode char U+2030 (decimal 8240)
   defining Unicode char U+2031 (decimal 8241)
   defining Unicode char U+203B (decimal 8251)
   defining Unicode char U+203D (decimal 8253)
   defining Unicode char U+2044 (decimal 8260)
   defining Unicode char U+204E (decimal 8270)
   defining Unicode char U+2052 (decimal 8274)
   defining Unicode char U+20A1 (decimal 8353)
   defining Unicode char U+20A4 (decimal 8356)
   defining Unicode char U+20A6 (decimal 8358)
   defining Unicode char U+20A9 (decimal 8361)
   defining Unicode char U+20AB (decimal 8363)
   defining Unicode char U+20AC (decimal 8364)
   defining Unicode char U+20B1 (decimal 8369)
   defining Unicode char U+2103 (decimal 8451)
   defining Unicode char U+2116 (decimal 8470)
   defining Unicode char U+2117 (decimal 8471)
   defining Unicode char U+211E (decimal 8478)
   defining Unicode char U+2120 (decimal 8480)
   defining Unicode char U+2122 (decimal 8482)
   defining Unicode char U+2126 (decimal 8486)
   defining Unicode char U+2127 (decimal 8487)
   defining Unicode char U+212E (decimal 8494)
   defining Unicode char U+2190 (decimal 8592)
   defining Unicode char U+2191 (decimal 8593)
   defining Unicode char U+2192 (decimal 8594)
   defining Unicode char U+2193 (decimal 8595)
   defining Unicode char U+2329 (decimal 9001)
   defining Unicode char U+232A (decimal 9002)
   defining Unicode char U+2422 (decimal 9250)
   defining Unicode char U+25E6 (decimal 9702)
   defining Unicode char U+25EF (decimal 9711)
   defining Unicode char U+266A (decimal 9834)
)
   defining Unicode char U+00A9 (decimal 169)
   defining Unicode char U+00AA (decimal 170)
   defining Unicode char U+00AE (decimal 174)
   defining Unicode char U+00BA (decimal 186)
   defining Unicode char U+02C6 (decimal 710)
   defining Unicode char U+02DC (decimal 732)
   defining Unicode char U+200C (decimal 8204)
   defining Unicode char U+2026 (decimal 8230)
   defining Unicode char U+2122 (decimal 8482)
   defining Unicode char U+2423 (decimal 9251)
))
(/usr/share/texlive/texmf-dist/tex/generic/babel/babel.sty
Package: babel 2016/02/24 3.9q The Babel package

(/usr/share/texlive/texmf-dist/tex/generic/babel-english/english.ldf
Language: english 2012/08/20 v3.3p English support from the babel system

(/usr/share/texlive/texmf-dist/tex/generic/babel/babel.def
File: babel.def 2016/02/24 3.9q Babel common definitions
\babel@savecnt=\count146
\U@D=\dimen163
)
\l@canadian = a dialect from \language\l@american 
\l@australian = a dialect from \language\l@british 
\l@newzealand = a dialect from \language\l@british 
))
(build/Thesis_main.aux (build/frontespizio.aux) (build/dedica.aux)
(build/ringraziamenti.aux) (build/abstract.aux) (build/chapter1.aux)
(build/chapter2.aux) (build/chapter3.aux) (build/chapter4.aux)
(build/chapter5.aux

LaTeX Warning: Label `NLsystem' multiply defined.

) (build/chapter6.aux) (build/chapter7.aux) (build/conclusions.aux)
(build/appendixA.aux) (build/appendixB.aux) (build/appendixC.aux))
\openout1 = `Thesis_main.aux'.

LaTeX Font Info:    Checking defaults for OML/cmm/m/it on input line 89.
LaTeX Font Info:    ... okay on input line 89.
LaTeX Font Info:    Checking defaults for T1/cmr/m/n on input line 89.
LaTeX Font Info:    ... okay on input line 89.
LaTeX Font Info:    Checking defaults for OT1/cmr/m/n on input line 89.
LaTeX Font Info:    ... okay on input line 89.
LaTeX Font Info:    Checking defaults for OMS/cmsy/m/n on input line 89.
LaTeX Font Info:    ... okay on input line 89.
LaTeX Font Info:    Checking defaults for OMX/cmex/m/n on input line 89.
LaTeX Font Info:    ... okay on input line 89.
LaTeX Font Info:    Checking defaults for U/cmr/m/n on input line 89.
LaTeX Font Info:    ... okay on input line 89.
LaTeX Font Info:    Checking defaults for PD1/pdf/m/n on input line 89.
LaTeX Font Info:    ... okay on input line 89.
LaTeX Font Info:    Checking defaults for TS1/cmr/m/n on input line 89.
LaTeX Font Info:    Try loading font information for TS1+cmr on input line 89.

(/usr/share/texlive/texmf-dist/tex/latex/base/ts1cmr.fd
File: ts1cmr.fd 2014/09/29 v2.5h Standard LaTeX font definitions
)
LaTeX Font Info:    ... okay on input line 89.

(/usr/share/texlive/texmf-dist/tex/context/base/supp-pdf.mkii
[Loading MPS to PDF converter (version 2006.09.02).]
\scratchcounter=\count147
\scratchdimen=\dimen164
\scratchbox=\box65
\nofMPsegments=\count148
\nofMParguments=\count149
\everyMPshowfont=\toks37
\MPscratchCnt=\count150
\MPscratchDim=\dimen165
\MPnumerator=\count151
\makeMPintoPDFobject=\count152
\everyMPtoPDFconversion=\toks38
) (/usr/share/texlive/texmf-dist/tex/latex/oberdiek/epstopdf-base.sty
Package: epstopdf-base 2010/02/09 v2.5 Base part for package epstopdf

(/usr/share/texlive/texmf-dist/tex/latex/oberdiek/grfext.sty
Package: grfext 2010/08/19 v1.1 Manage graphics extensions (HO)
)
Package grfext Info: Graphics extension search list:
(grfext)             [.png,.pdf,.jpg,.mps,.jpeg,.jbig2,.jb2,.PNG,.PDF,.JPG,.JPE
G,.JBIG2,.JB2,.eps]
(grfext)             \AppendGraphicsExtensions on input line 452.

(/usr/share/texlive/texmf-dist/tex/latex/latexconfig/epstopdf-sys.cfg
File: epstopdf-sys.cfg 2010/07/13 v1.3 Configuration of (r)epstopdf for TeX Liv
e
))
Package caption Info: Begin \AtBeginDocument code.
Package caption Info: floatflt package is loaded.
Package caption Info: hyperref package is loaded.
Package caption Info: listings package is loaded.
Package caption Info: End \AtBeginDocument code.
\AtBeginShipoutBox=\box66
Package hyperref Info: Link coloring OFF on input line 89.

(/usr/share/texlive/texmf-dist/tex/latex/hyperref/nameref.sty
Package: nameref 2012/10/27 v2.43 Cross-referencing by name of section

(/usr/share/texlive/texmf-dist/tex/generic/oberdiek/gettitlestring.sty
Package: gettitlestring 2010/12/03 v1.4 Cleanup title references (HO)
)
\c@section@level=\count153
)
LaTeX Info: Redefining \ref on input line 89.
LaTeX Info: Redefining \pageref on input line 89.
LaTeX Info: Redefining \nameref on input line 89.

(build/Thesis_main.out) (build/Thesis_main.out)
\@outlinefile=\write4
\openout4 = `Thesis_main.out'.

\c@lstlisting=\count154
\openout2 = `frontespizio.aux'.

 (./frontespizio.tex
<IMMAGINI/Logo_Politecnico_Milano.png, id=220, 666.49pt x 489.83pt>
File: IMMAGINI/Logo_Politecnico_Milano.png Graphic file (type png)

<use IMMAGINI/Logo_Politecnico_Milano.png>
Package pdftex.def Info: IMMAGINI/Logo_Politecnico_Milano.png used on input lin
e 12.
(pdftex.def)             Requested size: 233.275pt x 171.44305pt.
 [1


{/var/lib/texmf/fonts/map/pdftex/updmap/pdftex.map} <./IMMAGINI/Logo_Politecnic
o_Milano.png>])
\openout2 = `dedica.aux'.

 (./dedica.tex)
[2




] (build/Thesis_main.toc
LaTeX Font Info:    Try loading font information for U+msa on input line 5.

(/usr/share/texlive/texmf-dist/tex/latex/amsfonts/umsa.fd
File: umsa.fd 2013/01/14 v3.01 AMS symbols A
)
LaTeX Font Info:    Try loading font information for U+msb on input line 5.

(/usr/share/texlive/texmf-dist/tex/latex/amsfonts/umsb.fd
File: umsb.fd 2013/01/14 v3.01 AMS symbols B
)
LaTeX Font Info:    Try loading font information for U+rsfs on input line 5.

(/usr/share/texlive/texmf-dist/tex/latex/jknapltx/ursfs.fd
File: ursfs.fd 1998/03/24 rsfs font definition file (jk)
) [1




] [2])
\tf@toc=\write5
\openout5 = `Thesis_main.toc'.

 [3]
\openout2 = `ringraziamenti.aux'.


(./ringraziamenti.tex) [4



] [5

]
\openout2 = `abstract.aux'.

 (./abstract.tex [6



]) [7] [8

]
\openout2 = `chapter1.aux'.

 (./chapter1.tex
Chapter 1.
<IMMAGINI/JPL_rover.png, id=332, 2509.375pt x 1411.2725pt>
File: IMMAGINI/JPL_rover.png Graphic file (type png)

<use IMMAGINI/JPL_rover.png>
Package pdftex.def Info: IMMAGINI/JPL_rover.png used on input line 10.
(pdftex.def)             Requested size: 376.39001pt x 211.68173pt.


LaTeX Warning: `!h' float specifier changed to `!ht'.

pdfTeX warning (ext4): destination with the same identifier (name{page.1}) has 
been already used, duplicate ignored
<to be read again> 
                   \relax 
l.17 	\item R
             obots can have access to environments which are too risky or no...
[1



] <IMMAGINI/submarine_robot.jpg, id=338, 566.115pt x 318.43968pt>
File: IMMAGINI/submarine_robot.jpg Graphic file (type jpg)

<use IMMAGINI/submarine_robot.jpg>
Package pdftex.def Info: IMMAGINI/submarine_robot.jpg used on input line 27.
(pdftex.def)             Requested size: 169.8358pt x 95.53264pt.


LaTeX Warning: `!h' float specifier changed to `!ht'.

<IMMAGINI/atlas.jpg, id=339, 856.19875pt x 1284.8pt>
File: IMMAGINI/atlas.jpg Graphic file (type jpg)
 <use IMMAGINI/atlas.jpg>
Package pdftex.def Info: IMMAGINI/atlas.jpg used on input line 33.
(pdftex.def)             Requested size: 81.33972pt x 122.05727pt.

<IMMAGINI/spot_mini.jpg, id=340, 1304.875pt x 979.66pt>
File: IMMAGINI/spot_mini.jpg Graphic file (type jpg)

<use IMMAGINI/spot_mini.jpg>
Package pdftex.def Info: IMMAGINI/spot_mini.jpg used on input line 36.
(pdftex.def)             Requested size: 130.49513pt x 97.97174pt.
pdfTeX warning (ext4): destination with the same identifier (name{page.2}) has 
been already used, duplicate ignored
<to be read again> 
                   \relax 
l.40 	\item O
             mnidirectional vehicles \begin{figure}[h!] [2 <./IMMAGINI/JPL_rove
r.png>] <IMMAGINI/kuka_iiwa.jpg, id=347, 2216.28pt x 1476.51625pt>
File: IMMAGINI/kuka_iiwa.jpg Graphic file (type jpg)

<use IMMAGINI/kuka_iiwa.jpg>
Package pdftex.def Info: IMMAGINI/kuka_iiwa.jpg used on input line 42.
(pdftex.def)             Requested size: 210.54878pt x 140.2705pt.
 [3 <./IMMAGINI/submarine_robot.jpg> <./IMMAGINI/atlas.jpg> <./IMMAGINI/spot_mi
ni.jpg> <./IMMAGINI/kuka_iiwa.jpg>] [4]) [5]
\openout2 = `chapter2.aux'.


(./chapter2.tex
Chapter 2.
[6



] <IMMAGINI/unicyclemodel.PNG, id=380, 754.017pt x 296.7888pt>
File: IMMAGINI/unicyclemodel.PNG Graphic file (type png)

<use IMMAGINI/unicyclemodel.PNG>
Package pdftex.def Info: IMMAGINI/unicyclemodel.PNG used on input line 41.
(pdftex.def)             Requested size: 301.60146pt x 118.71341pt.
 [7] [8 <./IMMAGINI/unicyclemodel.PNG>]
<IMMAGINI/mobilebase.png, id=405, 283.2984pt x 192.72pt>
File: IMMAGINI/mobilebase.png Graphic file (type png)

<use IMMAGINI/mobilebase.png>
Package pdftex.def Info: IMMAGINI/mobilebase.png used on input line 97.
(pdftex.def)             Requested size: 226.63902pt x 154.1762pt.
 [9 <./IMMAGINI/mobilebase.png>]
<IMMAGINI/denavithartenberg.PNG, id=417, 639.38875pt x 393.47pt>
File: IMMAGINI/denavithartenberg.PNG Graphic file (type png)

<use IMMAGINI/denavithartenberg.PNG>
Package pdftex.def Info: IMMAGINI/denavithartenberg.PNG used on input line 126.

(pdftex.def)             Requested size: 255.75096pt x 157.38521pt.


LaTeX Warning: `!h' float specifier changed to `!ht'.

[10] <IMMAGINI/MMkinematics.png, id=428, 332.442pt x 280.8894pt>
File: IMMAGINI/MMkinematics.png Graphic file (type png)

<use IMMAGINI/MMkinematics.png>
Package pdftex.def Info: IMMAGINI/MMkinematics.png used on input line 140.
(pdftex.def)             Requested size: 265.95395pt x 224.71182pt.
 [11 <./IMMAGINI/denavithartenberg.PNG>]
[12 <./IMMAGINI/MMkinematics.png>] [13]) [14]
\openout2 = `chapter3.aux'.

 (./chapter3.tex
Chapter 3.
[15



] [16] [17]
Overfull \hbox (5.59927pt too wide) in paragraph at lines 37--39
\T1/cmr/m/n/12 the so-lu-tion of HJB (Hamilton-Jacobi-Bellman) equa-tion for a 
positive-definite
 []

<IMMAGINI/mpc_usage_table.png, id=480, 1365.1pt x 760.8425pt>
File: IMMAGINI/mpc_usage_table.png Graphic file (type png)

<use IMMAGINI/mpc_usage_table.png>
Package pdftex.def Info: IMMAGINI/mpc_usage_table.png used on input line 63.
(pdftex.def)             Requested size: 382.2254pt x 213.03444pt.
 [18] [19] [20 <./IMMAGINI/mpc_usage_table.png>] <IMMAGINI/MPC_base_diagram.jpg
, id=504, 955.57pt x 273.02pt>
File: IMMAGINI/MPC_base_diagram.jpg Graphic file (type jpg)

<use IMMAGINI/MPC_base_diagram.jpg>
Package pdftex.def Info: IMMAGINI/MPC_base_diagram.jpg used on input line 88.
(pdftex.def)             Requested size: 382.22122pt x 109.20605pt.


LaTeX Warning: `!h' float specifier changed to `!ht'.

[21] <IMMAGINI/mpc_horizon_base_scheme.jpg, id=513, 1212.53pt x 720.6925pt>
File: IMMAGINI/mpc_horizon_base_scheme.jpg Graphic file (type jpg)

<use IMMAGINI/mpc_horizon_base_scheme.jpg>
Package pdftex.def Info: IMMAGINI/mpc_horizon_base_scheme.jpg used on input lin
e 103.
(pdftex.def)             Requested size: 388.01753pt x 230.62631pt.
 [22 <./IMMAGINI/MPC_base_diagram.jpg> <./IMMAGINI/mpc_horizon_base_scheme.jpg>
]
<IMMAGINI/scheme_model_based_opt.jpg, id=520, 1256.695pt x 314.17375pt>
File: IMMAGINI/scheme_model_based_opt.jpg Graphic file (type jpg)

<use IMMAGINI/scheme_model_based_opt.jpg>
Package pdftex.def Info: IMMAGINI/scheme_model_based_opt.jpg used on input line
 116.
(pdftex.def)             Requested size: 402.15062pt x 100.53764pt.

Overfull \hbox (12.15062pt too wide) in paragraph at lines 116--117
 [][] 
 []

[23 <./IMMAGINI/scheme_model_based_opt.jpg>] [24]
Overfull \hbox (11.38618pt too wide) in paragraph at lines 183--183
[] 
 []

[25] [26] [27]
<IMMAGINI/feasibility_image1.png, id=570, 879.285pt x 797.98125pt>
File: IMMAGINI/feasibility_image1.png Graphic file (type png)

<use IMMAGINI/feasibility_image1.png>
Package pdftex.def Info: IMMAGINI/feasibility_image1.png used on input line 254
.
(pdftex.def)             Requested size: 175.85388pt x 159.59341pt.

<IMMAGINI/feasibility_region.png, id=571, 722.7pt x 658.46pt>
File: IMMAGINI/feasibility_region.png Graphic file (type png)

<use IMMAGINI/feasibility_region.png>
Package pdftex.def Info: IMMAGINI/feasibility_region.png used on input line 258
.
(pdftex.def)             Requested size: 180.67455pt x 164.6146pt.

<IMMAGINI/feasible_image2.png, id=572, 550.055pt x 628.3475pt>
File: IMMAGINI/feasible_image2.png Graphic file (type png)

<use IMMAGINI/feasible_image2.png>
Package pdftex.def Info: IMMAGINI/feasible_image2.png used on input line 272.
(pdftex.def)             Requested size: 148.51683pt x 169.65608pt.


LaTeX Warning: `!h' float specifier changed to `!ht'.

[28 <./IMMAGINI/feasibility_image1.png> <./IMMAGINI/feasibility_region.png>]
[29 <./IMMAGINI/feasible_image2.png>] [30] [31]
<IMMAGINI/linearvsnl.png, id=613, 1018.80624pt x 930.47626pt>
File: IMMAGINI/linearvsnl.png Graphic file (type png)

<use IMMAGINI/linearvsnl.png>
Package pdftex.def Info: IMMAGINI/linearvsnl.png used on input line 368.
(pdftex.def)             Requested size: 254.70093pt x 232.61848pt.


LaTeX Warning: `!h' float specifier changed to `!ht'.

[32])
Overfull \hbox (1.03938pt too wide) in paragraph at lines 380--143
\T1/cmr/m/n/12 Pro-gram-ming (SQP) tech-niques which are an ex-ten-sion of Newt
on-type meth-
 []


Underfull \hbox (badness 10000) in paragraph at lines 380--143

 []

[33 <./IMMAGINI/linearvsnl.png>] [34]
\openout2 = `chapter4.aux'.

 (./chapter4.tex
Chapter 4.

Underfull \hbox (badness 10000) in paragraph at lines 3--5

 []

[35



] [36] [37] [38]
<IMMAGINI/potential_field.PNG, id=690, 462.72874pt x 399.4925pt>
File: IMMAGINI/potential_field.PNG Graphic file (type png)

<use IMMAGINI/potential_field.PNG>
Package pdftex.def Info: IMMAGINI/potential_field.PNG used on input line 59.
(pdftex.def)             Requested size: 185.08821pt x 159.79416pt.
 [39 <./IMMAGINI/potential_field.PNG>]
[40]) [41]
\openout2 = `chapter5.aux'.

 (./chapter5.tex
Chapter 5.
[42



] [43] [44] [45] [46]
<IMMAGINI/param_horizon.jpg, id=762, 940.51375pt x 553.06625pt>
File: IMMAGINI/param_horizon.jpg Graphic file (type jpg)

<use IMMAGINI/param_horizon.jpg>
Package pdftex.def Info: IMMAGINI/param_horizon.jpg used on input line 107.
(pdftex.def)             Requested size: 376.19884pt x 221.22258pt.


LaTeX Warning: `!h' float specifier changed to `!ht'.

[47] [48 <./IMMAGINI/param_horizon.jpg>] [49] [50] [51] [52] [53]
Underfull \hbox (badness 10000) in paragraph at lines 262--265

 []

[54] <IMMAGINI/trans_u.png, id=844, 580.41844pt x 287.57437pt>
File: IMMAGINI/trans_u.png Graphic file (type png)

<use IMMAGINI/trans_u.png>
Package pdftex.def Info: IMMAGINI/trans_u.png used on input line 283.
(pdftex.def)             Requested size: 348.25375pt x 172.54594pt.


LaTeX Warning: `!h' float specifier changed to `!ht'.


Underfull \hbox (badness 10000) in paragraph at lines 292--294

 []

[55] [56 <./IMMAGINI/trans_u.png (PNG copy)>] [57] [58]

Package caption Warning: \label without proper reference on input line 395.
See the caption package documentation for explanation.


LaTeX Warning: Reference `phito1' on page 59 undefined on input line 391.

<IMMAGINI/phito1.png, id=885, 787.94376pt x 594.22pt>
File: IMMAGINI/phito1.png Graphic file (type png)

<use IMMAGINI/phito1.png>
Package pdftex.def Info: IMMAGINI/phito1.png used on input line 394.
(pdftex.def)             Requested size: 196.98546pt x 148.55463pt.
 [59 <./IMMAGINI/phito1.png>]
<IMMAGINI/xy_limits.png, id=895, 1599.9775pt x 539.01375pt>
File: IMMAGINI/xy_limits.png Graphic file (type png)

<use IMMAGINI/xy_limits.png>
Package pdftex.def Info: IMMAGINI/xy_limits.png used on input line 420.
(pdftex.def)             Requested size: 399.9934pt x 134.7531pt.

Overfull \hbox (9.9934pt too wide) in paragraph at lines 420--421
 [][] 
 []


LaTeX Warning: `!h' float specifier changed to `!ht'.

[60] [61 <./IMMAGINI/xy_limits.png>]
<IMMAGINI/spheres_3d.png, id=920, 357.335pt x 402.50375pt>
File: IMMAGINI/spheres_3d.png Graphic file (type png)

<use IMMAGINI/spheres_3d.png>
Package pdftex.def Info: IMMAGINI/spheres_3d.png used on input line 462.
(pdftex.def)             Requested size: 142.93146pt x 160.99864pt.

Underfull \hbox (badness 10000) in paragraph at lines 474--476

 []

[62 <./IMMAGINI/spheres_3d.png>]) [63]
\openout2 = `chapter6.aux'.

 (./chapter6.tex
Chapter 6.
<IMMAGINI/ADDAMS1.png, id=939, 1019.007pt x 942.4008pt>
File: IMMAGINI/ADDAMS1.png Graphic file (type png)

<use IMMAGINI/ADDAMS1.png>
Package pdftex.def Info: IMMAGINI/ADDAMS1.png used on input line 9.
(pdftex.def)             Requested size: 254.75113pt x 235.59962pt.

Underfull \hbox (badness 10000) in paragraph at lines 15--16

 []

[64



 <./IMMAGINI/ADDAMS1.png>]
<IMMAGINI/SuperMegaBot1.PNG, id=946, 371.3875pt x 232.36812pt>
File: IMMAGINI/SuperMegaBot1.PNG Graphic file (type png)

<use IMMAGINI/SuperMegaBot1.PNG>
Package pdftex.def Info: IMMAGINI/SuperMegaBot1.PNG used on input line 25.
(pdftex.def)             Requested size: 222.83421pt x 139.42194pt.


LaTeX Warning: `h' float specifier changed to `ht'.

[65] <IMMAGINI/UR5.png, id=956, 414.54875pt x 405.515pt>
File: IMMAGINI/UR5.png Graphic file (type png)

<use IMMAGINI/UR5.png>
Package pdftex.def Info: IMMAGINI/UR5.png used on input line 39.
(pdftex.def)             Requested size: 165.81656pt x 162.20311pt.
 [66 <./IMMAGINI/SuperMegaBot1.PNG>] [67 <./IMMAGINI/UR5.png>] <IMMAGINI/nodegr
aph1.png, id=969, 1181.3736pt x 231.264pt>
File: IMMAGINI/nodegraph1.png Graphic file (type png)

<use IMMAGINI/nodegraph1.png>
Package pdftex.def Info: IMMAGINI/nodegraph1.png used on input line 68.
(pdftex.def)             Requested size: 472.54106pt x 92.50395pt.

<IMMAGINI/Hdiagram.png, id=976, 415.5525pt x 413.545pt>
File: IMMAGINI/Hdiagram.png Graphic file (type png)

<use IMMAGINI/Hdiagram.png>
Package pdftex.def Info: IMMAGINI/Hdiagram.png used on input line 78.
(pdftex.def)             Requested size: 207.77574pt x 206.77199pt.
 [68 <./IMMAGINI/nodegraph1.png>] [69 <./IMMAGINI/Hdiagram.png>] <IMMAGINI/simd
iagram1.png, id=997, 707.64375pt x 272.01625pt>
File: IMMAGINI/simdiagram1.png Graphic file (type png)

<use IMMAGINI/simdiagram1.png>
Package pdftex.def Info: IMMAGINI/simdiagram1.png used on input line 98.
(pdftex.def)             Requested size: 318.43675pt x 122.40617pt.
 [70 <./IMMAGINI/simdiagram1.png>]
<IMMAGINI/diagramreal.png, id=1005, 1047.915pt x 321.2pt>
File: IMMAGINI/diagramreal.png Graphic file (type png)

<use IMMAGINI/diagramreal.png>
Package pdftex.def Info: IMMAGINI/diagramreal.png used on input line 114.
(pdftex.def)             Requested size: 419.15857pt x 128.47772pt.
 [71 <./IMMAGINI/diagramreal.png>]) [72]
\openout2 = `chapter7.aux'.


(./chapter7.tex
Chapter 7.
<IMMAGINI/traj_base_curves.png, id=1017, 292.84406pt x 539.01375pt>
File: IMMAGINI/traj_base_curves.png Graphic file (type png)

<use IMMAGINI/traj_base_curves.png>
Package pdftex.def Info: IMMAGINI/traj_base_curves.png used on input line 10.
(pdftex.def)             Requested size: 146.42166pt x 269.50621pt.

<IMMAGINI/base_curves.png, id=1018, 575.90157pt x 396.7322pt>
File: IMMAGINI/base_curves.png Graphic file (type png)

<use IMMAGINI/base_curves.png>
Package pdftex.def Info: IMMAGINI/base_curves.png used on input line 16.
(pdftex.def)             Requested size: 287.95007pt x 198.3656pt.

<IMMAGINI/base_curves_error.png, id=1021, 632.3625pt x 360.59718pt>
File: IMMAGINI/base_curves_error.png Graphic file (type png)

<use IMMAGINI/base_curves_error.png>
Package pdftex.def Info: IMMAGINI/base_curves_error.png used on input line 22.
(pdftex.def)             Requested size: 316.18048pt x 180.29814pt.


LaTeX Warning: `!h' float specifier changed to `!ht'.

<IMMAGINI/base_curves2.png, id=1025, 626.34pt x 338.76563pt>
File: IMMAGINI/base_curves2.png Graphic file (type png)

<use IMMAGINI/base_curves2.png>
Package pdftex.def Info: IMMAGINI/base_curves2.png used on input line 30.
(pdftex.def)             Requested size: 313.16922pt x 169.38239pt.

<IMMAGINI/base_curves_error2.png, id=1026, 634.62094pt x 371.13657pt>
File: IMMAGINI/base_curves_error2.png Graphic file (type png)

<use IMMAGINI/base_curves_error2.png>
Package pdftex.def Info: IMMAGINI/base_curves_error2.png used on input line 35.

(pdftex.def)             Requested size: 317.3097pt x 185.56783pt.

<IMMAGINI/base_curves3.png, id=1029, 575.14874pt x 396.7322pt>
File: IMMAGINI/base_curves3.png Graphic file (type png)

<use IMMAGINI/base_curves3.png>
Package pdftex.def Info: IMMAGINI/base_curves3.png used on input line 43.
(pdftex.def)             Requested size: 287.57367pt x 198.3656pt.

<IMMAGINI/base_curves_error3.png, id=1030, 621.82312pt x 368.87813pt>
File: IMMAGINI/base_curves_error3.png Graphic file (type png)

<use IMMAGINI/base_curves_error3.png>
Package pdftex.def Info: IMMAGINI/base_curves_error3.png used on input line 48.

(pdftex.def)             Requested size: 310.9108pt x 184.4386pt.

<IMMAGINI/base_curves_poly5.png, id=1031, 632.3625pt x 359.09157pt>
File: IMMAGINI/base_curves_poly5.png Graphic file (type png)

<use IMMAGINI/base_curves_poly5.png>
Package pdftex.def Info: IMMAGINI/base_curves_poly5.png used on input line 55.
(pdftex.def)             Requested size: 316.18048pt x 179.54533pt.

<IMMAGINI/solving_times_small.png, id=1035, 488.57532pt x 328.97906pt>
File: IMMAGINI/solving_times_small.png Graphic file (type png)

<use IMMAGINI/solving_times_small.png>
Package pdftex.def Info: IMMAGINI/solving_times_small.png used on input line 63
.
(pdftex.def)             Requested size: 293.14745pt x 197.38895pt.

Underfull \hbox (badness 10000) in paragraph at lines 27--69

 []

[73



] [74 <./IMMAGINI/traj_base_curves.png (PNG copy)> <./IMMAGINI/base_curves.png 
(PNG copy)>]

LaTeX Warning: `!h' float specifier changed to `!ht'.


LaTeX Warning: `!h' float specifier changed to `!ht'.

[75 <./IMMAGINI/base_curves_error.png (PNG copy)>] [76 <./IMMAGINI/base_curves2
.png (PNG copy)> <./IMMAGINI/base_curves_error2.png (PNG copy)>] [77 <./IMMAGIN
I/base_curves3.png (PNG copy)> <./IMMAGINI/base_curves_error3.png (PNG copy)>]
[78 <./IMMAGINI/base_curves_poly5.png (PNG copy)> <./IMMAGINI/solving_times_sma
ll.png (PNG copy)>]
<IMMAGINI/handling_traj.png, id=1074, 739.26187pt x 556.32843pt>
File: IMMAGINI/handling_traj.png Graphic file (type png)

<use IMMAGINI/handling_traj.png>
Package pdftex.def Info: IMMAGINI/handling_traj.png used on input line 73.
(pdftex.def)             Requested size: 332.66476pt x 250.34547pt.

<IMMAGINI/handling_joints.png, id=1075, 826.58812pt x 506.6428pt>
File: IMMAGINI/handling_joints.png Graphic file (type png)

<use IMMAGINI/handling_joints.png>
Package pdftex.def Info: IMMAGINI/handling_joints.png used on input line 79.
(pdftex.def)             Requested size: 371.96121pt x 227.98715pt.

<IMMAGINI/end_effector_tests.png, id=1079, 545.78906pt x 416.30531pt>
File: IMMAGINI/end_effector_tests.png Graphic file (type png)

<use IMMAGINI/end_effector_tests.png>
Package pdftex.def Info: IMMAGINI/end_effector_tests.png used on input line 86.

(pdftex.def)             Requested size: 289.26682pt x 220.64076pt.

<IMMAGINI/control_actions_SIM.png, id=1080, 968.11688pt x 554.07pt>
File: IMMAGINI/control_actions_SIM.png Graphic file (type png)

<use IMMAGINI/control_actions_SIM.png>
Package pdftex.def Info: IMMAGINI/control_actions_SIM.png used on input line 92
.
(pdftex.def)             Requested size: 455.015pt x 260.41293pt.
 [79] [80 <./IMMAGINI/handling_traj.png (PNG copy)> <./IMMAGINI/handling_joints
.png (PNG copy)>]
<IMMAGINI/self_collision_test.png, id=1094, 711.1368pt x 171.5208pt>
File: IMMAGINI/self_collision_test.png Graphic file (type png)

<use IMMAGINI/self_collision_test.png>
Package pdftex.def Info: IMMAGINI/self_collision_test.png used on input line 10
2.
(pdftex.def)             Requested size: 391.12645pt x 94.33672pt.

Overfull \hbox (1.12645pt too wide) in paragraph at lines 102--103
 [][] 
 []

[81] [82 <./IMMAGINI/end_effector_tests.png> <./IMMAGINI/control_actions_SIM.pn
g>] <IMMAGINI/img_real_exp.png, id=1107, 577.15625pt x 544.0325pt>
File: IMMAGINI/img_real_exp.png Graphic file (type png)

<use IMMAGINI/img_real_exp.png>
Package pdftex.def Info: IMMAGINI/img_real_exp.png used on input line 111.
(pdftex.def)             Requested size: 230.8584pt x 217.60915pt.

<IMMAGINI/robot_marker.jpg, id=1108, 3070.47125pt x 4000.9475pt>
File: IMMAGINI/robot_marker.jpg Graphic file (type jpg)

<use IMMAGINI/robot_marker.jpg>
Package pdftex.def Info: IMMAGINI/robot_marker.jpg used on input line 119.
(pdftex.def)             Requested size: 153.53255pt x 200.0591pt.
 [83 <./IMMAGINI/self_collision_test.png> <./IMMAGINI/img_real_exp.png (PNG cop
y)>]
<IMMAGINI/traj_HANDL.png, id=1117, 632.3625pt x 522.45187pt>
File: IMMAGINI/traj_HANDL.png Graphic file (type png)

<use IMMAGINI/traj_HANDL.png>
Package pdftex.def Info: IMMAGINI/traj_HANDL.png used on input line 129.
(pdftex.def)             Requested size: 278.24036pt x 229.87953pt.

<IMMAGINI/errors_HANDL.png, id=1118, 632.3625pt x 230.36063pt>
File: IMMAGINI/errors_HANDL.png Graphic file (type png)

<use IMMAGINI/errors_HANDL.png>
Package pdftex.def Info: IMMAGINI/errors_HANDL.png used on input line 135.
(pdftex.def)             Requested size: 284.5605pt x 103.66132pt.
 [84 <./IMMAGINI/robot_marker.jpg>]

LaTeX Warning: `!h' float specifier changed to `!ht'.

<IMMAGINI/joint_pos_HANDL.png, id=1124, 819.06pt x 398.99063pt>
File: IMMAGINI/joint_pos_HANDL.png Graphic file (type png)

<use IMMAGINI/joint_pos_HANDL.png>
Package pdftex.def Info: IMMAGINI/joint_pos_HANDL.png used on input line 142.
(pdftex.def)             Requested size: 409.52899pt x 199.49483pt.

Overfull \hbox (19.52899pt too wide) in paragraph at lines 142--143
 [][] 
 []


LaTeX Warning: `!h' float specifier changed to `!ht'.

<IMMAGINI/cost_function_HANDL.png, id=1125, 632.3625pt x 474.27188pt>
File: IMMAGINI/cost_function_HANDL.png Graphic file (type png)

<use IMMAGINI/cost_function_HANDL.png>
Package pdftex.def Info: IMMAGINI/cost_function_HANDL.png used on input line 14
9.
(pdftex.def)             Requested size: 278.24036pt x 208.68027pt.


LaTeX Warning: `!h' float specifier changed to `!ht'.

[85 <./IMMAGINI/traj_HANDL.png (PNG copy)>]
<IMMAGINI/seq_robot.png, id=1139, 1301.86375pt x 844.15375pt>
File: IMMAGINI/seq_robot.png Graphic file (type png)

<use IMMAGINI/seq_robot.png>
Package pdftex.def Info: IMMAGINI/seq_robot.png used on input line 161.
(pdftex.def)             Requested size: 390.56213pt x 253.24808pt.

Overfull \hbox (0.56213pt too wide) in paragraph at lines 161--162
 [][] 
 []

[86 <./IMMAGINI/errors_HANDL.png (PNG copy)> <./IMMAGINI/joint_pos_HANDL.png (P
NG copy)>]

LaTeX Warning: `!h' float specifier changed to `!ht'.


LaTeX Warning: `h' float specifier changed to `ht'.

<IMMAGINI/traj_ee1.png, id=1148, 897.3525pt x 325.215pt>
File: IMMAGINI/traj_ee1.png Graphic file (type png)

<use IMMAGINI/traj_ee1.png>
Package pdftex.def Info: IMMAGINI/traj_ee1.png used on input line 204.
(pdftex.def)             Requested size: 323.04665pt x 117.0773pt.

<IMMAGINI/traj_ee1_comp.png, id=1150, 596.2275pt x 270.25969pt>
File: IMMAGINI/traj_ee1_comp.png Graphic file (type png)

<use IMMAGINI/traj_ee1_comp.png>
Package pdftex.def Info: IMMAGINI/traj_ee1_comp.png used on input line 211.
(pdftex.def)             Requested size: 268.2999pt x 121.61572pt.
 [87 <./IMMAGINI/cost_function_HANDL.png (PNG copy)>]

LaTeX Warning: `!h' float specifier changed to `!ht'.


LaTeX Warning: `!h' float specifier changed to `!ht'.

<IMMAGINI/error_xyz1.png, id=1159, 861.2175pt x 713.66624pt>
File: IMMAGINI/error_xyz1.png Graphic file (type png)

<use IMMAGINI/error_xyz1.png>
Package pdftex.def Info: IMMAGINI/error_xyz1.png used on input line 220.
(pdftex.def)             Requested size: 258.36723pt x 214.10152pt.


LaTeX Warning: `!h' float specifier changed to `!ht'.

<IMMAGINI/error_orient1.png, id=1160, 758.835pt x 629.35126pt>
File: IMMAGINI/error_orient1.png Graphic file (type png)

<use IMMAGINI/error_orient1.png>
Package pdftex.def Info: IMMAGINI/error_orient1.png used on input line 226.
(pdftex.def)             Requested size: 227.65225pt x 188.80682pt.


LaTeX Warning: `!h' float specifier changed to `!ht'.

[88 <./IMMAGINI/seq_robot.png>] [89 <./IMMAGINI/traj_ee1.png> <./IMMAGINI/traj_
ee1_comp.png>] [90 <./IMMAGINI/error_xyz1.png> <./IMMAGINI/error_orient1.png>]
<IMMAGINI/base_err_exp1.png, id=1182, 840.13875pt x 667.49374pt>
File: IMMAGINI/base_err_exp1.png Graphic file (type png)

<use IMMAGINI/base_err_exp1.png>
Package pdftex.def Info: IMMAGINI/base_err_exp1.png used on input line 237.
(pdftex.def)             Requested size: 176.43434pt x 140.17783pt.

<IMMAGINI/err_num_base.png, id=1183, 757.83125pt x 597.23125pt>
File: IMMAGINI/err_num_base.png Graphic file (type png)

<use IMMAGINI/err_num_base.png>
Package pdftex.def Info: IMMAGINI/err_num_base.png used on input line 241.
(pdftex.def)             Requested size: 166.72339pt x 131.39127pt.

<IMMAGINI/vel_real.png, id=1186, 1566.85374pt x 690.58pt>
File: IMMAGINI/vel_real.png Graphic file (type png)

<use IMMAGINI/vel_real.png>
Package pdftex.def Info: IMMAGINI/vel_real.png used on input line 249.
(pdftex.def)             Requested size: 391.71248pt x 172.64458pt.

Overfull \hbox (1.71248pt too wide) in paragraph at lines 249--250
 [][] 
 []

<IMMAGINI/man_real1.png, id=1188, 797.98125pt x 601.24625pt>
File: IMMAGINI/man_real1.png Graphic file (type png)

<use IMMAGINI/man_real1.png>
Package pdftex.def Info: IMMAGINI/man_real1.png used on input line 256.
(pdftex.def)             Requested size: 199.49481pt x 150.31119pt.
) [91 <./IMMAGINI/base_err_exp1.png> <./IMMAGINI/err_num_base.png> <./IMMAGINI/
vel_real.png>] [92 <./IMMAGINI/man_real1.png>]
\openout2 = `conclusions.aux'.


(./conclusions.tex
Chapter 8.
) [93



] (build/Thesis_main.lof [94



] [95])
\tf@lof=\write6
\openout6 = `Thesis_main.lof'.

 [96] (build/Thesis_main.lot)
\tf@lot=\write7
\openout7 = `Thesis_main.lot'.

 [97


]
\openout2 = `appendixA.aux'.


(./appendixA.tex
<IMMAGINI/SuperMegaBot.PNG, id=1294, 432.11438pt x 277.53688pt>
File: IMMAGINI/SuperMegaBot.PNG Graphic file (type png)

<use IMMAGINI/SuperMegaBot.PNG>
Package pdftex.def Info: IMMAGINI/SuperMegaBot.PNG used on input line 11.
(pdftex.def)             Requested size: 259.27061pt x 166.5234pt.
LaTeX Font Info:    Try loading font information for T1+cmtt on input line 27.

(/usr/share/texlive/texmf-dist/tex/latex/base/t1cmtt.fd
File: t1cmtt.fd 2014/09/29 v2.5h Standard LaTeX font definitions
)
<IMMAGINI/SMBwires.png, id=1296, 559.08875pt x 324.21124pt>
File: IMMAGINI/SMBwires.png Graphic file (type png)

<use IMMAGINI/SMBwires.png>
Package pdftex.def Info: IMMAGINI/SMBwires.png used on input line 33.
(pdftex.def)             Requested size: 223.63153pt x 129.68219pt.
) [98

 <./IMMAGINI/SuperMegaBot.PNG> <./IMMAGINI/SMBwires.png>]
\openout2 = `appendixB.aux'.

 (./appendixB.tex
Underfull \hbox (badness 5460) in paragraph at lines 15--15
[]|\T1/cmr/m/n/12 Collaboration op-er-a-
 []


Overfull \hbox (43.22495pt too wide) in paragraph at lines 8--41
[][] 
 []

) [99


]
\openout2 = `appendixC.aux'.

 (./appendixC.tex) [100


] [101

] (build/Thesis_main.bbl [102

] [103]
[104])
Package atveryend Info: Empty hook `BeforeClearDocument' on input line 202.
 [105]
Package atveryend Info: Empty hook `AfterLastShipout' on input line 202.
 (build/Thesis_main.aux (build/frontespizio.aux) (build/dedica.aux) (build/ring
raziamenti.aux) (build/abstract.aux) (build/chapter1.aux)
(build/chapter2.aux) (build/chapter3.aux) (build/chapter4.aux)
(build/chapter5.aux) (build/chapter6.aux) (build/chapter7.aux)
(build/conclusions.aux) (build/appendixA.aux) (build/appendixB.aux)
(build/appendixC.aux))
Package atveryend Info: Executing hook `AtVeryEndDocument' on input line 202.
Package atveryend Info: Executing hook `AtEndAfterFileList' on input line 202.
Package rerunfilecheck Info: File `Thesis_main.out' has not changed.
(rerunfilecheck)             Checksum: <no file>.


LaTeX Warning: There were undefined references.


LaTeX Warning: There were multiply-defined labels.

Package atveryend Info: Empty hook `AtVeryVeryEnd' on input line 202.
 ) 
Here is how much of TeX's memory you used:
 12555 strings out of 493029
 182338 string characters out of 6136234
 292285 words of memory out of 5000000
 15301 multiletter control sequences out of 15000+600000
 29248 words of font info for 76 fonts, out of 8000000 for 9000
 1142 hyphenation exceptions out of 8191
 36i,30n,43p,1607b,455s stack positions out of 5000i,500n,10000p,200000b,80000s
{/usr/share/texmf/fonts/enc/dvips/cm-super/cm-super-t1.enc}{/usr/share/texmf/
fonts/enc/dvips/cm-super/cm-super-ts1.enc}</usr/share/texlive/texmf-dist/fonts/
type1/public/amsfonts/cm/cmbx12.pfb></usr/share/texlive/texmf-dist/fonts/type1/
public/amsfonts/cm/cmex10.pfb></usr/share/texlive/texmf-dist/fonts/type1/public
/amsfonts/cm/cmmi12.pfb></usr/share/texlive/texmf-dist/fonts/type1/public/amsfo
nts/cm/cmmi6.pfb></usr/share/texlive/texmf-dist/fonts/type1/public/amsfonts/cm/
cmmi8.pfb></usr/share/texlive/texmf-dist/fonts/type1/public/amsfonts/cm/cmr12.p
fb></usr/share/texlive/texmf-dist/fonts/type1/public/amsfonts/cm/cmr6.pfb></usr
/share/texlive/texmf-dist/fonts/type1/public/amsfonts/cm/cmr8.pfb></usr/share/t
exlive/texmf-dist/fonts/type1/public/amsfonts/cm/cmsy10.pfb></usr/share/texlive
/texmf-dist/fonts/type1/public/amsfonts/cm/cmsy6.pfb></usr/share/texlive/texmf-
dist/fonts/type1/public/amsfonts/cm/cmsy8.pfb></usr/share/texlive/texmf-dist/fo
nts/type1/public/amsfonts/cm/cmti12.pfb></usr/share/texlive/texmf-dist/fonts/ty
pe1/public/amsfonts/latxfont/line10.pfb></usr/share/texlive/texmf-dist/fonts/ty
pe1/public/amsfonts/symbols/msam10.pfb></usr/share/texlive/texmf-dist/fonts/typ
e1/public/amsfonts/symbols/msbm10.pfb></usr/share/texmf/fonts/type1/public/cm-s
uper/sfbx0800.pfb></usr/share/texmf/fonts/type1/public/cm-super/sfbx1200.pfb></
usr/share/texmf/fonts/type1/public/cm-super/sfbx1440.pfb></usr/share/texmf/font
s/type1/public/cm-super/sfbx1728.pfb></usr/share/texmf/fonts/type1/public/cm-su
per/sfbx2074.pfb></usr/share/texmf/fonts/type1/public/cm-super/sfbx2488.pfb></u
sr/share/texmf/fonts/type1/public/cm-super/sfrm0800.pfb></usr/share/texmf/fonts
/type1/public/cm-super/sfrm1000.pfb></usr/share/texmf/fonts/type1/public/cm-sup
er/sfrm1200.pfb></usr/share/texmf/fonts/type1/public/cm-super/sfti0800.pfb></us
r/share/texmf/fonts/type1/public/cm-super/sfti1095.pfb></usr/share/texmf/fonts/
type1/public/cm-super/sfti1200.pfb></usr/share/texmf/fonts/type1/public/cm-supe
r/sftt1200.pfb>
Output written on build/Thesis_main.pdf (115 pages, 11253607 bytes).
PDF statistics:
 1510 PDF objects out of 1728 (max. 8388607)
 1268 compressed objects within 13 object streams
 370 named destinations out of 1000 (max. 500000)
 743 words of extra memory for PDF output out of 10000 (max. 10000000)

